<?xml version="1.0" encoding="UTF-8"?>
<!-- Generated by org.testng.reporters.JUnitReportReporter -->
<testsuite name="com.testScripts.CompilersTest" tests="6" time="1.111" ignored="0" failures="0" timestamp="26 Feb 2020 12:52:39 GMT" skipped="2" hostname="samrat-HP" errors="0">
  <testcase name="compilersTest" time="0.328" classname="com.testScripts.CompilersTest"/>
  <testcase name="compilersTest" time="0.203" classname="com.testScripts.CompilersTest"/>
  <testcase name="compilersTest" time="0.215" classname="com.testScripts.CompilersTest"/>
  <testcase name="compilersTest" time="0.002" classname="com.testScripts.CompilersTest">
    <skipped/>
  </testcase> <!-- compilersTest -->
  <testcase name="compilersTest" time="0.361" classname="com.testScripts.CompilersTest"/>
  <testcase name="compilersTest" time="0.002" classname="com.testScripts.CompilersTest">
    <skipped/>
  </testcase> <!-- compilersTest -->
</testsuite> <!-- com.testScripts.CompilersTest -->
